\BOOKMARK [0][-]{chapter.1}{Introduction}{}% 1
\BOOKMARK [1][-]{section.1.1}{Problem}{chapter.1}% 2
\BOOKMARK [1][-]{section.1.2}{Motivation}{chapter.1}% 3
\BOOKMARK [1][-]{section.1.3}{Outline}{chapter.1}% 4
\BOOKMARK [0][-]{chapter.2}{Background}{}% 5
\BOOKMARK [0][-]{chapter.3}{Related Work}{}% 6
\BOOKMARK [0][-]{chapter.4}{Requirements Analysis}{}% 7
\BOOKMARK [1][-]{subsection.4.0.1}{Functional Requirements}{chapter.4}% 8
\BOOKMARK [2][-]{subsection.4.0.2}{Non-Functional Requirements}{subsection.4.0.1}% 9
\BOOKMARK [1][-]{section.4.1}{System Models}{chapter.4}% 10
\BOOKMARK [2][-]{subsection.4.1.1}{Visionary Scenario}{section.4.1}% 11
\BOOKMARK [2][-]{subsection.4.1.2}{Use Case Model}{section.4.1}% 12
\BOOKMARK [2][-]{subsection.4.1.3}{Analysis Object Model}{section.4.1}% 13
\BOOKMARK [2][-]{subsection.4.1.4}{Dynamic Model}{section.4.1}% 14
\BOOKMARK [0][-]{chapter.5}{System Design}{}% 15
\BOOKMARK [1][-]{section.5.1}{Subsystem Decomposition}{chapter.5}% 16
\BOOKMARK [1][-]{section.5.2}{Hardware Software Mapping}{chapter.5}% 17
\BOOKMARK [0][-]{chapter.6}{Object Design}{}% 18
\BOOKMARK [0][-]{chapter.7}{\(Experimental\) Evaluation}{}% 19
\BOOKMARK [1][-]{section.7.1}{Design}{chapter.7}% 20
\BOOKMARK [1][-]{section.7.2}{Results}{chapter.7}% 21
\BOOKMARK [1][-]{section.7.3}{Discussion}{chapter.7}% 22
\BOOKMARK [1][-]{section.7.4}{Limitations}{chapter.7}% 23
\BOOKMARK [1][-]{section.7.5}{Conclusion}{chapter.7}% 24
\BOOKMARK [1][-]{section.7.6}{Future Work}{chapter.7}% 25
\BOOKMARK [0][-]{appendix.A}{e.g. Table}{}% 26
